[debug] [2024-02-26T08:44:38.138Z] ----------------------------------------------------------------------
[debug] [2024-02-26T08:44:38.138Z] Command:       /usr/local/bin/node /usr/local/bin/firebase init
[debug] [2024-02-26T08:44:38.139Z] CLI Version:   13.3.1
[debug] [2024-02-26T08:44:38.139Z] Platform:      darwin
[debug] [2024-02-26T08:44:38.139Z] Node Version:  v18.4.0
[debug] [2024-02-26T08:44:38.139Z] Time:          Mon Feb 26 2024 17:44:38 GMT+0900 (Korean Standard Time)
[debug] [2024-02-26T08:44:38.140Z] ----------------------------------------------------------------------
[debug] 
[debug] [2024-02-26T08:44:38.171Z] > command requires scopes: ["email","openid","https://www.googleapis.com/auth/cloudplatformprojects.readonly","https://www.googleapis.com/auth/firebase","https://www.googleapis.com/auth/cloud-platform"]
[debug] [2024-02-26T08:44:38.171Z] > authorizing via signed-in user (a01071861955@gmail.com)
[info] 
     ######## #### ########  ######## ########     ###     ######  ########
     ##        ##  ##     ## ##       ##     ##  ##   ##  ##       ##
     ######    ##  ########  ######   ########  #########  ######  ######
     ##        ##  ##    ##  ##       ##     ## ##     ##       ## ##
     ##       #### ##     ## ######## ########  ##     ##  ######  ########

You're about to initialize a Firebase project in this directory:

  /Users/parkwoanung/Desktop/Project/축제모아/festival

Before we get started, keep in mind:

  * You are initializing within an existing Firebase project directory

[info] 
=== Project Setup
[info] 
[info] First, let's associate this project directory with a Firebase project.
[info] You can create multiple project aliases by running firebase use --add, 
[info] but for now we'll just set up a default project.
[info] 
[debug] [2024-02-26T08:44:39.908Z] Using project from CLI flag: festival-moa-fc37b
[debug] [2024-02-26T08:44:39.909Z] > refreshing access token with scopes: []
[debug] [2024-02-26T08:44:39.911Z] >>> [apiv2][query] POST https://www.googleapis.com/oauth2/v3/token [none]
[debug] [2024-02-26T08:44:39.912Z] >>> [apiv2][body] POST https://www.googleapis.com/oauth2/v3/token [omitted]
[debug] [2024-02-26T08:44:40.230Z] <<< [apiv2][status] POST https://www.googleapis.com/oauth2/v3/token 400
[debug] [2024-02-26T08:44:40.230Z] <<< [apiv2][body] POST https://www.googleapis.com/oauth2/v3/token [omitted]
[debug] [2024-02-26T08:44:40.231Z] >>> [apiv2][query] GET https://firebase.googleapis.com/v1beta1/projects/festival-moa-fc37b [none]
[debug] [2024-02-26T08:44:40.441Z] <<< [apiv2][status] GET https://firebase.googleapis.com/v1beta1/projects/festival-moa-fc37b 401
[debug] [2024-02-26T08:44:40.441Z] <<< [apiv2][body] GET https://firebase.googleapis.com/v1beta1/projects/festival-moa-fc37b {"error":{"code":401,"message":"Request had invalid authentication credentials. Expected OAuth 2 access token, login cookie or other valid authentication credential. See https://developers.google.com/identity/sign-in/web/devconsole-project.","status":"UNAUTHENTICATED"}}
[debug] [2024-02-26T08:44:40.441Z] HTTP Error: 401, Request had invalid authentication credentials. Expected OAuth 2 access token, login cookie or other valid authentication credential. See https://developers.google.com/identity/sign-in/web/devconsole-project.
[debug] [2024-02-26T08:44:40.696Z] FirebaseError: HTTP Error: 401, Request had invalid authentication credentials. Expected OAuth 2 access token, login cookie or other valid authentication credential. See https://developers.google.com/identity/sign-in/web/devconsole-project.
    at responseToError (/usr/local/lib/node_modules/firebase-tools/lib/responseToError.js:49:12)
    at RetryOperation._fn (/usr/local/lib/node_modules/firebase-tools/lib/apiv2.js:292:77)
    at process.processTicksAndRejections (node:internal/process/task_queues:95:5)
[error] 
[error] Error: Failed to get Firebase project festival-moa-fc37b. Please make sure the project exists and your account has permission to access it.
[debug] [2024-02-26T11:35:59.359Z] ----------------------------------------------------------------------
[debug] [2024-02-26T11:35:59.360Z] Command:       /usr/local/bin/node /usr/local/bin/firebase init
[debug] [2024-02-26T11:35:59.360Z] CLI Version:   13.3.1
[debug] [2024-02-26T11:35:59.361Z] Platform:      darwin
[debug] [2024-02-26T11:35:59.361Z] Node Version:  v18.4.0
[debug] [2024-02-26T11:35:59.363Z] Time:          Mon Feb 26 2024 20:35:59 GMT+0900 (Korean Standard Time)
[debug] [2024-02-26T11:35:59.363Z] ----------------------------------------------------------------------
[debug] 
[debug] [2024-02-26T11:35:59.394Z] > command requires scopes: ["email","openid","https://www.googleapis.com/auth/cloudplatformprojects.readonly","https://www.googleapis.com/auth/firebase","https://www.googleapis.com/auth/cloud-platform"]
[debug] [2024-02-26T11:35:59.395Z] > authorizing via signed-in user (a01071861955@gmail.com)
[info] 
     ######## #### ########  ######## ########     ###     ######  ########
     ##        ##  ##     ## ##       ##     ##  ##   ##  ##       ##
     ######    ##  ########  ######   ########  #########  ######  ######
     ##        ##  ##    ##  ##       ##     ## ##     ##       ## ##
     ##       #### ##     ## ######## ########  ##     ##  ######  ########

You're about to initialize a Firebase project in this directory:

  /Users/parkwoanung/Desktop/Project/축제모아/festival

Before we get started, keep in mind:

  * You are initializing within an existing Firebase project directory

[info] 
=== Project Setup
[info] 
[info] First, let's associate this project directory with a Firebase project.
[info] You can create multiple project aliases by running firebase use --add, 
[info] but for now we'll just set up a default project.
[info] 
[debug] [2024-02-26T11:36:06.988Z] Using project from CLI flag: festival-moa-fc37b
[debug] [2024-02-26T11:36:06.990Z] > refreshing access token with scopes: []
[debug] [2024-02-26T11:36:06.992Z] >>> [apiv2][query] POST https://www.googleapis.com/oauth2/v3/token [none]
[debug] [2024-02-26T11:36:06.993Z] >>> [apiv2][body] POST https://www.googleapis.com/oauth2/v3/token [omitted]
[debug] [2024-02-26T11:36:07.308Z] <<< [apiv2][status] POST https://www.googleapis.com/oauth2/v3/token 400
[debug] [2024-02-26T11:36:07.308Z] <<< [apiv2][body] POST https://www.googleapis.com/oauth2/v3/token [omitted]
[debug] [2024-02-26T11:36:07.309Z] >>> [apiv2][query] GET https://firebase.googleapis.com/v1beta1/projects/festival-moa-fc37b [none]
[debug] [2024-02-26T11:36:07.539Z] <<< [apiv2][status] GET https://firebase.googleapis.com/v1beta1/projects/festival-moa-fc37b 401
[debug] [2024-02-26T11:36:07.540Z] <<< [apiv2][body] GET https://firebase.googleapis.com/v1beta1/projects/festival-moa-fc37b {"error":{"code":401,"message":"Request had invalid authentication credentials. Expected OAuth 2 access token, login cookie or other valid authentication credential. See https://developers.google.com/identity/sign-in/web/devconsole-project.","status":"UNAUTHENTICATED"}}
[debug] [2024-02-26T11:36:07.540Z] HTTP Error: 401, Request had invalid authentication credentials. Expected OAuth 2 access token, login cookie or other valid authentication credential. See https://developers.google.com/identity/sign-in/web/devconsole-project.
[debug] [2024-02-26T11:36:07.729Z] FirebaseError: HTTP Error: 401, Request had invalid authentication credentials. Expected OAuth 2 access token, login cookie or other valid authentication credential. See https://developers.google.com/identity/sign-in/web/devconsole-project.
    at responseToError (/usr/local/lib/node_modules/firebase-tools/lib/responseToError.js:49:12)
    at RetryOperation._fn (/usr/local/lib/node_modules/firebase-tools/lib/apiv2.js:292:77)
    at process.processTicksAndRejections (node:internal/process/task_queues:95:5)
[error] 
[error] Error: Failed to get Firebase project festival-moa-fc37b. Please make sure the project exists and your account has permission to access it.
[debug] [2024-02-28T16:20:55.120Z] ----------------------------------------------------------------------
[debug] [2024-02-28T16:20:55.120Z] Command:       /usr/local/bin/node /usr/local/bin/firebase deploy --only functions
[debug] [2024-02-28T16:20:55.121Z] CLI Version:   13.3.1
[debug] [2024-02-28T16:20:55.121Z] Platform:      darwin
[debug] [2024-02-28T16:20:55.121Z] Node Version:  v18.4.0
[debug] [2024-02-28T16:20:55.122Z] Time:          Thu Feb 29 2024 01:20:55 GMT+0900 (Korean Standard Time)
[debug] [2024-02-28T16:20:55.122Z] ----------------------------------------------------------------------
[debug] 
[debug] [2024-02-28T16:20:55.123Z] >>> [apiv2][query] GET https://firebase-public.firebaseio.com/cli.json [none]
[debug] [2024-02-28T16:20:55.185Z] > command requires scopes: ["email","openid","https://www.googleapis.com/auth/cloudplatformprojects.readonly","https://www.googleapis.com/auth/firebase","https://www.googleapis.com/auth/cloud-platform"]
[debug] [2024-02-28T16:20:55.185Z] > authorizing via signed-in user (a01071861955@gmail.com)
[debug] [2024-02-28T16:20:55.185Z] [iam] checking project festival-moa-fc37b for permissions ["cloudfunctions.functions.create","cloudfunctions.functions.delete","cloudfunctions.functions.get","cloudfunctions.functions.list","cloudfunctions.functions.update","cloudfunctions.operations.get","firebase.projects.get"]
[debug] [2024-02-28T16:20:55.186Z] > refreshing access token with scopes: []
[debug] [2024-02-28T16:20:55.186Z] >>> [apiv2][query] POST https://www.googleapis.com/oauth2/v3/token [none]
[debug] [2024-02-28T16:20:55.186Z] >>> [apiv2][body] POST https://www.googleapis.com/oauth2/v3/token [omitted]
[debug] [2024-02-28T16:20:55.413Z] <<< [apiv2][status] POST https://www.googleapis.com/oauth2/v3/token 200
[debug] [2024-02-28T16:20:55.414Z] <<< [apiv2][body] POST https://www.googleapis.com/oauth2/v3/token [omitted]
[debug] [2024-02-28T16:20:55.427Z] >>> [apiv2][query] POST https://cloudresourcemanager.googleapis.com/v1/projects/festival-moa-fc37b:testIamPermissions [none]
[debug] [2024-02-28T16:20:55.428Z] >>> [apiv2][(partial)header] POST https://cloudresourcemanager.googleapis.com/v1/projects/festival-moa-fc37b:testIamPermissions x-goog-quota-user=projects/festival-moa-fc37b
[debug] [2024-02-28T16:20:55.428Z] >>> [apiv2][body] POST https://cloudresourcemanager.googleapis.com/v1/projects/festival-moa-fc37b:testIamPermissions {"permissions":["cloudfunctions.functions.create","cloudfunctions.functions.delete","cloudfunctions.functions.get","cloudfunctions.functions.list","cloudfunctions.functions.update","cloudfunctions.operations.get","firebase.projects.get"]}
[debug] [2024-02-28T16:20:55.696Z] <<< [apiv2][status] GET https://firebase-public.firebaseio.com/cli.json 200
[debug] [2024-02-28T16:20:55.696Z] <<< [apiv2][body] GET https://firebase-public.firebaseio.com/cli.json {"cloudBuildErrorAfter":1594252800000,"cloudBuildWarnAfter":1590019200000,"defaultNode10After":1594252800000,"minVersion":"3.0.5","node8DeploysDisabledAfter":1613390400000,"node8RuntimeDisabledAfter":1615809600000,"node8WarnAfter":1600128000000}
[debug] [2024-02-28T16:20:56.513Z] <<< [apiv2][status] POST https://cloudresourcemanager.googleapis.com/v1/projects/festival-moa-fc37b:testIamPermissions 200
[debug] [2024-02-28T16:20:56.514Z] <<< [apiv2][body] POST https://cloudresourcemanager.googleapis.com/v1/projects/festival-moa-fc37b:testIamPermissions {"permissions":["cloudfunctions.functions.create","cloudfunctions.functions.delete","cloudfunctions.functions.get","cloudfunctions.functions.list","cloudfunctions.functions.update","cloudfunctions.operations.get","firebase.projects.get"]}
[debug] [2024-02-28T16:20:56.515Z] >>> [apiv2][query] POST https://iam.googleapis.com/v1/projects/festival-moa-fc37b/serviceAccounts/festival-moa-fc37b@appspot.gserviceaccount.com:testIamPermissions [none]
[debug] [2024-02-28T16:20:56.515Z] >>> [apiv2][body] POST https://iam.googleapis.com/v1/projects/festival-moa-fc37b/serviceAccounts/festival-moa-fc37b@appspot.gserviceaccount.com:testIamPermissions {"permissions":["iam.serviceAccounts.actAs"]}
[debug] [2024-02-28T16:20:57.948Z] <<< [apiv2][status] POST https://iam.googleapis.com/v1/projects/festival-moa-fc37b/serviceAccounts/festival-moa-fc37b@appspot.gserviceaccount.com:testIamPermissions 200
[debug] [2024-02-28T16:20:57.948Z] <<< [apiv2][body] POST https://iam.googleapis.com/v1/projects/festival-moa-fc37b/serviceAccounts/festival-moa-fc37b@appspot.gserviceaccount.com:testIamPermissions {"permissions":["iam.serviceAccounts.actAs"]}
[info] 
[info] === Deploying to 'festival-moa-fc37b'...
[info] 
[info] i  deploying functions 
[debug] [2024-02-28T16:20:58.138Z] TypeError [ERR_INVALID_ARG_TYPE]: The "path" argument must be of type string. Received undefined
    at new NodeError (node:internal/errors:388:5)
    at validateString (node:internal/validators:114:11)
    at Object.join (node:path:1172:7)
    at Config.path (/usr/local/lib/node_modules/firebase-tools/lib/config.js:125:45)
    at getChildEnvironment (/usr/local/lib/node_modules/firebase-tools/lib/deploy/lifecycleHooks.js:56:49)
    at runTargetCommands (/usr/local/lib/node_modules/firebase-tools/lib/deploy/lifecycleHooks.js:77:14)
    at /usr/local/lib/node_modules/firebase-tools/lib/deploy/lifecycleHooks.js:151:24
    at process.processTicksAndRejections (node:internal/process/task_queues:95:5)
    at async chain (/usr/local/lib/node_modules/firebase-tools/lib/deploy/index.js:38:9)
    at async deploy (/usr/local/lib/node_modules/firebase-tools/lib/deploy/index.js:94:5)
[error] 
[error] Error: An unexpected error has occurred.
